[2022-06-25T22:43:24.488] [ERROR] error - CastError: Cast to ObjectId failed for value "undefined" (type string) at path "_id" for model "carrito"
[2022-06-25T22:43:47.239] [ERROR] error - CastError: Cast to ObjectId failed for value "undefined" (type string) at path "_id" for model "carrito"
[2022-06-26T14:53:50.548] [ERROR] error - error a enviar un sms Error: The 'To' number 01134925771 is not a valid phone number.
[2022-06-26T15:06:26.516] [ERROR] error - error a enviar un sms Error: The number  is unverified. Trial accounts cannot send messages to unverified numbers; verify  at twilio.com/user/account/phone-numbers/verified, or purchase a Twilio number to send messages to unverified numbers.
[2022-06-26T18:08:18.017] [ERROR] error - error al enviar un mail Error: No recipients defined
[2022-06-26T18:08:21.183] [ERROR] error - error a enviar un whatsapp Error: The 'To' number whatsapp:undefined is not a valid phone number.
[2022-06-26T18:11:37.725] [ERROR] error - error al enviar un mail Error: No recipients defined
[2022-06-26T18:11:39.532] [ERROR] error - error a enviar un whatsapp Error: The 'To' number whatsapp:undefined is not a valid phone number.
[2022-06-26T18:13:33.190] [ERROR] error - error al enviar un mail Error: No recipients defined
[2022-06-26T18:13:35.150] [ERROR] error - error a enviar un whatsapp Error: The 'To' number whatsapp:undefined is not a valid phone number.
[2022-06-26T18:15:45.057] [ERROR] error - error al enviar un mail Error: No recipients defined
[2022-06-26T18:15:46.986] [ERROR] error - error a enviar un whatsapp Error: The 'To' number whatsapp:undefined is not a valid phone number.
[2022-06-26T18:16:35.909] [ERROR] error - error al enviar un mail Error: No recipients defined
[2022-06-26T18:16:37.747] [ERROR] error - error a enviar un whatsapp Error: The 'To' number whatsapp:undefined is not a valid phone number.
[2022-06-26T18:19:23.753] [ERROR] error - error al enviar un mail Error: No recipients defined
[2022-06-26T18:19:24.687] [ERROR] error - error a enviar un whatsapp Error: The 'To' number whatsapp:undefined is not a valid phone number.
[2022-06-26T18:22:05.657] [ERROR] error - error al enviar un mail Error: No recipients defined
[2022-06-26T18:22:06.722] [ERROR] error - error a enviar un whatsapp Error: The 'To' number whatsapp:undefined is not a valid phone number.
[2022-06-28T21:03:17.359] [ERROR] error - error en servidor Error: listen EADDRINUSE: address already in use :::8080
[2022-06-28T21:03:36.121] [ERROR] error - error en servidor Error: listen EADDRINUSE: address already in use :::8080
[2022-06-28T21:04:17.928] [ERROR] error - error en servidor Error: listen EADDRINUSE: address already in use :::8080
[2022-06-28T21:04:46.432] [ERROR] error - error en servidor Error: listen EADDRINUSE: address already in use :::8080
[2022-06-28T21:05:08.654] [ERROR] error - error en servidor Error: listen EADDRINUSE: address already in use :::8080
[2022-07-09T21:11:33.936] [ERROR] error - CastError: Cast to string failed for value "{
  username: 'alejandro.bongioanni@gmail.com',
  password: '$2b$10$oues0nIpj1ytO5WRkvnl.u/mRrZf6XWE8VBgII3M9OGV7jaZteh4i',
  nombre: 'Alejandro',
  edad: 34,
  direccion: 'Estados Unidos 142',
  img: 'FotoUsuario_1656592425258.jpg',
  codNacion: '+54',
  codArea: '11',
  numTelefono: '34925771',
  telefono: '+5491134925771'
}" (type Object) at path "username" for model "carrito"
[2022-07-10T11:39:18.241] [ERROR] error - MongoNetworkError: getaddrinfo EAI_AGAIN cluster0-shard-00-02.lof4v.mongodb.net
    at connectionFailureError (/home/telecom/Documentos/Heroku-Coder/node_modules/mongodb/lib/cmap/connect.js:375:20)
    at TLSSocket.<anonymous> (/home/telecom/Documentos/Heroku-Coder/node_modules/mongodb/lib/cmap/connect.js:295:22)
    at Object.onceWrapper (node:events:642:26)
    at TLSSocket.emit (node:events:527:28)
    at emitErrorNT (node:internal/streams/destroy:157:8)
    at emitErrorCloseNT (node:internal/streams/destroy:122:3)
    at processTicksAndRejections (node:internal/process/task_queues:83:21) {
  [Symbol(errorLabels)]: Set(0) {}
}
[2022-07-10T12:10:01.673] [ERROR] error - ValidationError: username: Cast to string failed for value "{
  username: 'alejandro.bongioanni@gmail.com',
  password: '$2b$10$TD6RLm7kNzr27qFDtcOBp.G1oR49lm/6pcQX0.cawliPM.9Hm9uY6',
  nombre: 'Alejandro',
  edad: 34,
  direccion: 'Estados Unidos 142',
  img: 'FotoUsuario_1657464952087.jpg',
  codNacion: '+54',
  codArea: '11',
  numTelefono: '34925771',
  telefono: '+5491134925771'
}" (type Object) at path "username"
[2022-07-10T12:10:05.967] [ERROR] error - ValidationError: username: Cast to string failed for value "{
  username: 'alejandro.bongioanni@gmail.com',
  password: '$2b$10$TD6RLm7kNzr27qFDtcOBp.G1oR49lm/6pcQX0.cawliPM.9Hm9uY6',
  nombre: 'Alejandro',
  edad: 34,
  direccion: 'Estados Unidos 142',
  img: 'FotoUsuario_1657464952087.jpg',
  codNacion: '+54',
  codArea: '11',
  numTelefono: '34925771',
  telefono: '+5491134925771'
}" (type Object) at path "username"
[2022-07-10T19:49:29.224] [ERROR] error - error en servidor Error: listen EADDRINUSE: address already in use :::8080
[2022-07-10T19:50:16.232] [ERROR] error - error en servidor Error: listen EADDRINUSE: address already in use :::8080
[2022-07-10T19:50:41.165] [ERROR] error - error en servidor Error: listen EADDRINUSE: address already in use :::8080
[2022-07-10T19:57:40.059] [ERROR] error - error en servidor Error: listen EADDRINUSE: address already in use :::8080
[2022-07-10T19:57:56.644] [ERROR] error - error en servidor Error: listen EADDRINUSE: address already in use :::8080
[2022-07-10T19:58:45.685] [ERROR] error - error en servidor Error: listen EADDRINUSE: address already in use :::8080
[2022-07-10T19:59:39.102] [ERROR] error - error en servidor Error: listen EADDRINUSE: address already in use :::8080
[2022-07-11T12:43:16.230] [ERROR] error - TypeError: Cannot read properties of undefined (reading 'username')
    at new Usuario (file:///home/telecom/Documentos/Heroku-Coder/model/Usuario.Model.js:17:33)
    at Function.obtenerBO (file:///home/telecom/Documentos/Heroku-Coder/mapper/Usuario.Mapper.js:20:16)
    at Function.getUsuarioByUsername (file:///home/telecom/Documentos/Heroku-Coder/repository/Usuario.Repository.js:20:41)
    at processTicksAndRejections (node:internal/process/task_queues:96:5)
    at async Strategy._verify (file:///home/telecom/Documentos/Heroku-Coder/modules/passport/passport.js:14:26)
[2022-07-16T19:45:19.983] [ERROR] error - error en servidor Error: listen EADDRINUSE: address already in use :::8080
[2022-07-16T19:46:37.260] [ERROR] error - error en servidor Error: listen EADDRINUSE: address already in use :::8080
[2022-07-16T19:47:07.815] [ERROR] error - error en servidor Error: listen EADDRINUSE: address already in use :::8080
[2022-07-16T20:02:07.962] [ERROR] error - error en servidor Error: listen EADDRINUSE: address already in use :::8080
[2022-07-16T20:02:07.970] [ERROR] error - error en servidor Error: listen EADDRINUSE: address already in use :::8080
[2022-07-16T20:02:27.876] [ERROR] error - error en servidor Error: listen EADDRINUSE: address already in use :::8080
[2022-07-16T20:02:27.885] [ERROR] error - error en servidor Error: listen EADDRINUSE: address already in use :::8080
[2022-07-16T20:02:53.637] [ERROR] error - error en servidor Error: listen EADDRINUSE: address already in use :::8080
[2022-07-16T20:02:53.648] [ERROR] error - error en servidor Error: listen EADDRINUSE: address already in use :::8080
[2022-07-16T20:03:07.682] [ERROR] error - error en servidor Error: listen EADDRINUSE: address already in use :::8080
[2022-07-16T20:03:07.689] [ERROR] error - error en servidor Error: listen EADDRINUSE: address already in use :::8080
[2022-07-16T20:03:11.756] [ERROR] error - error en servidor Error: listen EADDRINUSE: address already in use :::8080
[2022-07-16T20:03:11.786] [ERROR] error - error en servidor Error: listen EADDRINUSE: address already in use :::8080
[2022-07-16T20:15:12.924] [ERROR] error - error en servidor Error: listen EADDRINUSE: address already in use :::8080
[2022-07-16T20:15:12.932] [ERROR] error - error en servidor Error: listen EADDRINUSE: address already in use :::8080
[2022-07-16T20:15:27.832] [ERROR] error - error en servidor Error: listen EADDRINUSE: address already in use :::8080
[2022-07-16T20:15:27.856] [ERROR] error - error en servidor Error: listen EADDRINUSE: address already in use :::8080
[2022-07-16T20:18:16.853] [ERROR] error - error en servidor Error: listen EADDRINUSE: address already in use :::8080
[2022-07-16T20:18:16.886] [ERROR] error - error en servidor Error: listen EADDRINUSE: address already in use :::8080
[2022-07-16T20:19:01.820] [ERROR] error - error en servidor Error: listen EADDRINUSE: address already in use :::8080
[2022-07-16T20:19:01.844] [ERROR] error - error en servidor Error: listen EADDRINUSE: address already in use :::8080
[2022-07-16T20:37:21.013] [ERROR] error - error en servidor Error: listen EADDRINUSE: address already in use :::8080
[2022-07-16T20:37:21.040] [ERROR] error - error en servidor Error: listen EADDRINUSE: address already in use :::8080
[2022-07-16T20:42:28.603] [ERROR] error - error en servidor Error: listen EADDRINUSE: address already in use :::8080
[2022-07-16T20:42:28.640] [ERROR] error - error en servidor Error: listen EADDRINUSE: address already in use :::8080
[2022-07-16T20:42:28.664] [ERROR] error - error en servidor Error: listen EADDRINUSE: address already in use :::8080
[2022-07-16T20:42:46.505] [ERROR] error - error en servidor Error: listen EADDRINUSE: address already in use :::8080
[2022-07-16T20:42:46.510] [ERROR] error - error en servidor Error: listen EADDRINUSE: address already in use :::8080
[2022-07-16T20:42:46.514] [ERROR] error - error en servidor Error: listen EADDRINUSE: address already in use :::8080
[2022-07-16T20:43:33.281] [ERROR] error - error en servidor Error: listen EADDRINUSE: address already in use :::8080
[2022-07-16T20:43:33.287] [ERROR] error - error en servidor Error: listen EADDRINUSE: address already in use :::8080
[2022-07-16T20:43:33.291] [ERROR] error - error en servidor Error: listen EADDRINUSE: address already in use :::8080
[2022-07-16T20:44:45.888] [ERROR] error - error en servidor Error: listen EADDRINUSE: address already in use :::8080
[2022-07-16T20:44:45.912] [ERROR] error - error en servidor Error: listen EADDRINUSE: address already in use :::8080
[2022-07-16T20:44:45.916] [ERROR] error - error en servidor Error: listen EADDRINUSE: address already in use :::8080
[2022-07-16T20:45:49.821] [ERROR] error - error en servidor Error: listen EADDRINUSE: address already in use :::8080
[2022-07-16T20:45:49.851] [ERROR] error - error en servidor Error: listen EADDRINUSE: address already in use :::8080
[2022-07-16T20:45:49.854] [ERROR] error - error en servidor Error: listen EADDRINUSE: address already in use :::8080
[2022-07-16T20:46:02.118] [ERROR] error - error en servidor Error: listen EADDRINUSE: address already in use :::8080
[2022-07-16T20:46:02.122] [ERROR] error - error en servidor Error: listen EADDRINUSE: address already in use :::8080
[2022-07-16T20:46:02.125] [ERROR] error - error en servidor Error: listen EADDRINUSE: address already in use :::8080
[2022-07-16T20:46:37.343] [ERROR] error - error en servidor Error: listen EADDRINUSE: address already in use :::8080
[2022-07-16T20:46:37.347] [ERROR] error - error en servidor Error: listen EADDRINUSE: address already in use :::8080
[2022-07-16T20:46:37.350] [ERROR] error - error en servidor Error: listen EADDRINUSE: address already in use :::8080
[2022-07-16T20:47:36.009] [ERROR] error - error en servidor Error: listen EADDRINUSE: address already in use :::8080
[2022-07-16T20:47:36.031] [ERROR] error - error en servidor Error: listen EADDRINUSE: address already in use :::8080
[2022-07-16T20:47:36.056] [ERROR] error - error en servidor Error: listen EADDRINUSE: address already in use :::8080
[2022-07-16T20:48:01.688] [ERROR] error - error en servidor Error: listen EADDRINUSE: address already in use :::8080
[2022-07-16T20:48:01.715] [ERROR] error - error en servidor Error: listen EADDRINUSE: address already in use :::8080
[2022-07-16T20:48:01.719] [ERROR] error - error en servidor Error: listen EADDRINUSE: address already in use :::8080
[2022-07-16T20:51:25.975] [ERROR] error - error en servidor Error: listen EADDRINUSE: address already in use :::8080
[2022-07-16T20:51:25.979] [ERROR] error - error en servidor Error: listen EADDRINUSE: address already in use :::8080
[2022-07-16T20:51:25.982] [ERROR] error - error en servidor Error: listen EADDRINUSE: address already in use :::8080
[2022-07-16T20:52:15.131] [ERROR] error - error en servidor Error: listen EADDRINUSE: address already in use :::8080
[2022-07-16T20:52:15.135] [ERROR] error - error en servidor Error: listen EADDRINUSE: address already in use :::8080
[2022-07-16T20:52:15.159] [ERROR] error - error en servidor Error: listen EADDRINUSE: address already in use :::8080
[2022-07-16T20:55:02.497] [ERROR] error - error en servidor Error: listen EADDRINUSE: address already in use :::8080
[2022-07-16T20:55:02.523] [ERROR] error - error en servidor Error: listen EADDRINUSE: address already in use :::8080
[2022-07-16T20:55:02.527] [ERROR] error - error en servidor Error: listen EADDRINUSE: address already in use :::8080
[2022-07-16T20:55:11.693] [ERROR] error - error en servidor Error: listen EADDRINUSE: address already in use :::8080
[2022-07-16T20:55:11.715] [ERROR] error - error en servidor Error: listen EADDRINUSE: address already in use :::8080
[2022-07-16T20:55:11.720] [ERROR] error - error en servidor Error: listen EADDRINUSE: address already in use :::8080
[2022-07-16T20:55:46.444] [ERROR] error - error en servidor Error: listen EADDRINUSE: address already in use :::8080
[2022-07-16T20:55:46.447] [ERROR] error - error en servidor Error: listen EADDRINUSE: address already in use :::8080
[2022-07-16T20:55:46.451] [ERROR] error - error en servidor Error: listen EADDRINUSE: address already in use :::8080
[2022-07-16T20:57:19.303] [ERROR] error - error en servidor Error: listen EADDRINUSE: address already in use :::8080
[2022-07-16T20:57:19.328] [ERROR] error - error en servidor Error: listen EADDRINUSE: address already in use :::8080
[2022-07-16T20:57:19.343] [ERROR] error - error en servidor Error: listen EADDRINUSE: address already in use :::8080
[2022-07-16T20:57:48.720] [ERROR] error - error en servidor Error: listen EADDRINUSE: address already in use :::8080
[2022-07-16T20:57:48.743] [ERROR] error - error en servidor Error: listen EADDRINUSE: address already in use :::8080
[2022-07-16T20:57:48.746] [ERROR] error - error en servidor Error: listen EADDRINUSE: address already in use :::8080
[2022-07-16T20:58:12.505] [ERROR] error - error en servidor Error: listen EADDRINUSE: address already in use :::8080
[2022-07-16T20:58:12.531] [ERROR] error - error en servidor Error: listen EADDRINUSE: address already in use :::8080
[2022-07-16T20:58:12.555] [ERROR] error - error en servidor Error: listen EADDRINUSE: address already in use :::8080
[2022-07-16T20:58:21.257] [ERROR] error - error en servidor Error: listen EADDRINUSE: address already in use :::8080
[2022-07-16T20:58:21.283] [ERROR] error - error en servidor Error: listen EADDRINUSE: address already in use :::8080
[2022-07-16T20:58:21.308] [ERROR] error - error en servidor Error: listen EADDRINUSE: address already in use :::8080
[2022-07-16T20:58:39.420] [ERROR] error - error en servidor Error: listen EADDRINUSE: address already in use :::8080
[2022-07-16T20:58:39.443] [ERROR] error - error en servidor Error: listen EADDRINUSE: address already in use :::8080
[2022-07-16T20:58:39.468] [ERROR] error - error en servidor Error: listen EADDRINUSE: address already in use :::8080
[2022-07-16T20:58:57.315] [ERROR] error - error en servidor Error: listen EADDRINUSE: address already in use :::8080
[2022-07-16T20:58:57.319] [ERROR] error - error en servidor Error: listen EADDRINUSE: address already in use :::8080
[2022-07-16T20:58:57.340] [ERROR] error - error en servidor Error: listen EADDRINUSE: address already in use :::8080
[2022-07-16T20:59:49.528] [ERROR] error - error en servidor Error: listen EADDRINUSE: address already in use :::8080
[2022-07-16T20:59:49.551] [ERROR] error - error en servidor Error: listen EADDRINUSE: address already in use :::8080
[2022-07-16T20:59:49.555] [ERROR] error - error en servidor Error: listen EADDRINUSE: address already in use :::8080
[2022-07-16T21:01:12.470] [ERROR] error - error en servidor Error: listen EADDRINUSE: address already in use :::8080
[2022-07-16T21:01:12.499] [ERROR] error - error en servidor Error: listen EADDRINUSE: address already in use :::8080
[2022-07-16T21:01:12.504] [ERROR] error - error en servidor Error: listen EADDRINUSE: address already in use :::8080
[2022-07-16T21:01:20.690] [ERROR] error - error en servidor Error: listen EADDRINUSE: address already in use :::8080
[2022-07-16T21:01:20.694] [ERROR] error - error en servidor Error: listen EADDRINUSE: address already in use :::8080
[2022-07-16T21:01:20.697] [ERROR] error - error en servidor Error: listen EADDRINUSE: address already in use :::8080
[2022-07-16T21:01:58.191] [ERROR] error - error en servidor Error: listen EADDRINUSE: address already in use :::8080
[2022-07-16T21:01:58.194] [ERROR] error - error en servidor Error: listen EADDRINUSE: address already in use :::8080
[2022-07-16T21:01:58.198] [ERROR] error - error en servidor Error: listen EADDRINUSE: address already in use :::8080
[2022-07-16T21:02:06.467] [ERROR] error - error en servidor Error: listen EADDRINUSE: address already in use :::8080
[2022-07-16T21:02:06.496] [ERROR] error - error en servidor Error: listen EADDRINUSE: address already in use :::8080
[2022-07-16T21:02:06.501] [ERROR] error - error en servidor Error: listen EADDRINUSE: address already in use :::8080
[2022-07-16T21:02:50.366] [ERROR] error - error en servidor Error: listen EADDRINUSE: address already in use :::8080
[2022-07-16T21:02:50.370] [ERROR] error - error en servidor Error: listen EADDRINUSE: address already in use :::8080
[2022-07-16T21:02:50.395] [ERROR] error - error en servidor Error: listen EADDRINUSE: address already in use :::8080
[2022-07-16T21:03:56.531] [ERROR] error - error en servidor Error: listen EADDRINUSE: address already in use :::8080
[2022-07-16T21:03:56.556] [ERROR] error - error en servidor Error: listen EADDRINUSE: address already in use :::8080
[2022-07-16T21:03:56.561] [ERROR] error - error en servidor Error: listen EADDRINUSE: address already in use :::8080
[2022-07-16T21:04:29.891] [ERROR] error - error en servidor Error: listen EADDRINUSE: address already in use :::8080
[2022-07-16T21:04:29.894] [ERROR] error - error en servidor Error: listen EADDRINUSE: address already in use :::8080
[2022-07-16T21:04:29.898] [ERROR] error - error en servidor Error: listen EADDRINUSE: address already in use :::8080
[2022-07-16T21:04:45.164] [ERROR] error - error en servidor Error: listen EADDRINUSE: address already in use :::8080
[2022-07-16T21:04:45.191] [ERROR] error - error en servidor Error: listen EADDRINUSE: address already in use :::8080
[2022-07-16T21:04:45.195] [ERROR] error - error en servidor Error: listen EADDRINUSE: address already in use :::8080
[2022-07-16T21:05:55.957] [ERROR] error - error en servidor Error: listen EADDRINUSE: address already in use :::8080
[2022-07-16T21:05:55.961] [ERROR] error - error en servidor Error: listen EADDRINUSE: address already in use :::8080
[2022-07-16T21:05:55.964] [ERROR] error - error en servidor Error: listen EADDRINUSE: address already in use :::8080
[2022-07-16T21:06:01.015] [ERROR] error - error en servidor Error: listen EADDRINUSE: address already in use :::8080
[2022-07-16T21:06:01.018] [ERROR] error - error en servidor Error: listen EADDRINUSE: address already in use :::8080
[2022-07-16T21:06:01.039] [ERROR] error - error en servidor Error: listen EADDRINUSE: address already in use :::8080
[2022-07-16T21:07:28.521] [ERROR] error - error en servidor Error: listen EADDRINUSE: address already in use :::8080
[2022-07-16T21:07:28.528] [ERROR] error - error en servidor Error: listen EADDRINUSE: address already in use :::8080
[2022-07-16T21:07:28.532] [ERROR] error - error en servidor Error: listen EADDRINUSE: address already in use :::8080
[2022-07-16T21:07:42.372] [ERROR] error - error en servidor Error: listen EADDRINUSE: address already in use :::8080
[2022-07-16T21:07:42.376] [ERROR] error - error en servidor Error: listen EADDRINUSE: address already in use :::8080
[2022-07-16T21:07:42.380] [ERROR] error - error en servidor Error: listen EADDRINUSE: address already in use :::8080
[2022-07-16T21:07:56.955] [ERROR] error - error en servidor Error: listen EADDRINUSE: address already in use :::8080
[2022-07-16T21:07:56.958] [ERROR] error - error en servidor Error: listen EADDRINUSE: address already in use :::8080
[2022-07-16T21:07:56.984] [ERROR] error - error en servidor Error: listen EADDRINUSE: address already in use :::8080
[2022-07-16T21:08:15.391] [ERROR] error - error en servidor Error: listen EADDRINUSE: address already in use :::8080
[2022-07-16T21:08:15.396] [ERROR] error - error en servidor Error: listen EADDRINUSE: address already in use :::8080
[2022-07-16T21:08:15.401] [ERROR] error - error en servidor Error: listen EADDRINUSE: address already in use :::8080
[2022-07-16T21:08:20.056] [ERROR] error - error en servidor Error: listen EADDRINUSE: address already in use :::8080
[2022-07-16T21:08:20.059] [ERROR] error - error en servidor Error: listen EADDRINUSE: address already in use :::8080
[2022-07-16T21:08:20.063] [ERROR] error - error en servidor Error: listen EADDRINUSE: address already in use :::8080
[2022-07-16T21:08:29.481] [ERROR] error - error en servidor Error: listen EADDRINUSE: address already in use :::8080
[2022-07-16T21:08:29.517] [ERROR] error - error en servidor Error: listen EADDRINUSE: address already in use :::8080
[2022-07-16T21:08:29.540] [ERROR] error - error en servidor Error: listen EADDRINUSE: address already in use :::8080
[2022-07-16T21:08:31.162] [ERROR] error - Error: data must be a string or Buffer and hash must be a string
    at Object.compareSync (/home/telecom/Documentos/Heroku-Coder/node_modules/bcrypt/bcrypt.js:170:15)
    at esPassWordValido (file:///home/telecom/Documentos/Heroku-Coder/modules/bcrypt/bcrypt.js:4:19)
    at Strategy._verify (file:///home/telecom/Documentos/Heroku-Coder/modules/passport/passport.js:15:45)
    at processTicksAndRejections (node:internal/process/task_queues:96:5)
[2022-07-16T21:12:07.617] [ERROR] error - error en servidor Error: listen EADDRINUSE: address already in use :::8080
[2022-07-16T21:12:07.639] [ERROR] error - error en servidor Error: listen EADDRINUSE: address already in use :::8080
[2022-07-16T21:12:07.643] [ERROR] error - error en servidor Error: listen EADDRINUSE: address already in use :::8080
[2022-07-16T21:12:56.415] [ERROR] error - error en servidor Error: listen EADDRINUSE: address already in use :::8080
[2022-07-16T21:12:56.439] [ERROR] error - error en servidor Error: listen EADDRINUSE: address already in use :::8080
[2022-07-16T21:12:56.443] [ERROR] error - error en servidor Error: listen EADDRINUSE: address already in use :::8080
[2022-07-16T21:13:22.652] [ERROR] error - error en servidor Error: listen EADDRINUSE: address already in use :::8080
[2022-07-16T21:13:22.675] [ERROR] error - error en servidor Error: listen EADDRINUSE: address already in use :::8080
[2022-07-16T21:13:22.700] [ERROR] error - error en servidor Error: listen EADDRINUSE: address already in use :::8080
[2022-07-16T21:16:49.901] [ERROR] error - error en servidor Error: listen EADDRINUSE: address already in use :::8080
[2022-07-16T21:16:49.939] [ERROR] error - error en servidor Error: listen EADDRINUSE: address already in use :::8080
[2022-07-16T21:16:49.964] [ERROR] error - error en servidor Error: listen EADDRINUSE: address already in use :::8080
[2022-07-16T21:17:01.546] [ERROR] error - error en servidor Error: listen EADDRINUSE: address already in use :::8080
[2022-07-16T21:17:01.550] [ERROR] error - error en servidor Error: listen EADDRINUSE: address already in use :::8080
[2022-07-16T21:17:01.553] [ERROR] error - error en servidor Error: listen EADDRINUSE: address already in use :::8080
[2022-07-16T21:17:21.050] [ERROR] error - error en servidor Error: listen EADDRINUSE: address already in use :::8080
[2022-07-16T21:17:21.058] [ERROR] error - error en servidor Error: listen EADDRINUSE: address already in use :::8080
[2022-07-16T21:17:21.063] [ERROR] error - error en servidor Error: listen EADDRINUSE: address already in use :::8080
[2022-07-16T21:17:38.929] [ERROR] error - error en servidor Error: listen EADDRINUSE: address already in use :::8080
[2022-07-16T21:17:38.933] [ERROR] error - error en servidor Error: listen EADDRINUSE: address already in use :::8080
[2022-07-16T21:19:07.023] [ERROR] error - error en servidor Error: listen EADDRINUSE: address already in use :::8080
[2022-07-16T21:19:07.028] [ERROR] error - error en servidor Error: listen EADDRINUSE: address already in use :::8080
[2022-07-16T21:19:07.031] [ERROR] error - error en servidor Error: listen EADDRINUSE: address already in use :::8080
[2022-07-16T21:19:12.576] [ERROR] error - error en servidor Error: listen EADDRINUSE: address already in use :::8080
[2022-07-16T21:19:12.582] [ERROR] error - error en servidor Error: listen EADDRINUSE: address already in use :::8080
[2022-07-16T21:19:12.586] [ERROR] error - error en servidor Error: listen EADDRINUSE: address already in use :::8080
[2022-07-16T21:19:31.390] [ERROR] error - error en servidor Error: listen EADDRINUSE: address already in use :::8080
[2022-07-16T21:19:31.416] [ERROR] error - error en servidor Error: listen EADDRINUSE: address already in use :::8080
[2022-07-16T21:19:31.444] [ERROR] error - error en servidor Error: listen EADDRINUSE: address already in use :::8080
[2022-07-16T21:19:42.795] [ERROR] error - error en servidor Error: listen EADDRINUSE: address already in use :::8080
[2022-07-16T21:19:42.799] [ERROR] error - error en servidor Error: listen EADDRINUSE: address already in use :::8080
[2022-07-16T21:19:42.813] [ERROR] error - error en servidor Error: listen EADDRINUSE: address already in use :::8080
[2022-07-16T21:19:51.835] [ERROR] error - error en servidor Error: listen EADDRINUSE: address already in use :::8080
[2022-07-16T21:19:51.860] [ERROR] error - error en servidor Error: listen EADDRINUSE: address already in use :::8080
[2022-07-16T21:19:51.863] [ERROR] error - error en servidor Error: listen EADDRINUSE: address already in use :::8080
[2022-07-16T21:21:03.313] [ERROR] error - error en servidor Error: listen EADDRINUSE: address already in use :::8080
[2022-07-16T21:21:03.336] [ERROR] error - error en servidor Error: listen EADDRINUSE: address already in use :::8080
[2022-07-16T21:21:03.360] [ERROR] error - error en servidor Error: listen EADDRINUSE: address already in use :::8080
[2022-07-16T21:21:03.366] [ERROR] error - error en servidor Error: listen EADDRINUSE: address already in use :::8080
[2022-07-16T21:21:47.551] [ERROR] error - error en servidor Error: listen EADDRINUSE: address already in use :::8080
[2022-07-16T21:21:47.575] [ERROR] error - error en servidor Error: listen EADDRINUSE: address already in use :::8080
[2022-07-16T21:21:47.580] [ERROR] error - error en servidor Error: listen EADDRINUSE: address already in use :::8080
[2022-07-16T21:21:47.585] [ERROR] error - error en servidor Error: listen EADDRINUSE: address already in use :::8080
[2022-07-16T21:21:47.590] [ERROR] error - error en servidor Error: listen EADDRINUSE: address already in use :::8080
[2022-07-16T21:22:05.882] [ERROR] error - error en servidor Error: listen EADDRINUSE: address already in use :::8080
[2022-07-16T21:22:05.886] [ERROR] error - error en servidor Error: listen EADDRINUSE: address already in use :::8080
[2022-07-16T21:22:05.907] [ERROR] error - error en servidor Error: listen EADDRINUSE: address already in use :::8080
[2022-07-16T21:22:05.911] [ERROR] error - error en servidor Error: listen EADDRINUSE: address already in use :::8080
[2022-07-16T21:22:05.915] [ERROR] error - error en servidor Error: listen EADDRINUSE: address already in use :::8080
[2022-07-16T21:22:08.968] [ERROR] error - error en servidor Error: listen EADDRINUSE: address already in use :::8080
[2022-07-16T21:22:08.991] [ERROR] error - error en servidor Error: listen EADDRINUSE: address already in use :::8080
[2022-07-16T21:22:09.016] [ERROR] error - error en servidor Error: listen EADDRINUSE: address already in use :::8080
[2022-07-16T21:22:09.021] [ERROR] error - error en servidor Error: listen EADDRINUSE: address already in use :::8080
[2022-07-16T21:22:09.025] [ERROR] error - error en servidor Error: listen EADDRINUSE: address already in use :::8080
[2022-07-16T21:22:38.588] [ERROR] error - error en servidor Error: listen EADDRINUSE: address already in use :::8080
[2022-07-16T21:22:38.612] [ERROR] error - error en servidor Error: listen EADDRINUSE: address already in use :::8080
[2022-07-16T21:22:38.616] [ERROR] error - error en servidor Error: listen EADDRINUSE: address already in use :::8080
[2022-07-16T21:22:38.621] [ERROR] error - error en servidor Error: listen EADDRINUSE: address already in use :::8080
[2022-07-16T21:22:38.625] [ERROR] error - error en servidor Error: listen EADDRINUSE: address already in use :::8080
[2022-07-16T21:22:48.887] [ERROR] error - error en servidor Error: listen EADDRINUSE: address already in use :::8080
[2022-07-16T21:22:48.895] [ERROR] error - error en servidor Error: listen EADDRINUSE: address already in use :::8080
[2022-07-16T21:22:48.901] [ERROR] error - error en servidor Error: listen EADDRINUSE: address already in use :::8080
[2022-07-16T21:22:48.907] [ERROR] error - error en servidor Error: listen EADDRINUSE: address already in use :::8080
[2022-07-16T21:22:48.913] [ERROR] error - error en servidor Error: listen EADDRINUSE: address already in use :::8080
[2022-07-16T21:23:22.597] [ERROR] error - error en servidor Error: listen EADDRINUSE: address already in use :::8080
[2022-07-16T21:23:22.619] [ERROR] error - error en servidor Error: listen EADDRINUSE: address already in use :::8080
[2022-07-16T21:23:22.640] [ERROR] error - error en servidor Error: listen EADDRINUSE: address already in use :::8080
[2022-07-16T21:23:22.645] [ERROR] error - error en servidor Error: listen EADDRINUSE: address already in use :::8080
[2022-07-16T21:23:22.648] [ERROR] error - error en servidor Error: listen EADDRINUSE: address already in use :::8080
[2022-07-16T21:23:31.492] [ERROR] error - error en servidor Error: listen EADDRINUSE: address already in use :::8080
[2022-07-16T21:23:31.515] [ERROR] error - error en servidor Error: listen EADDRINUSE: address already in use :::8080
[2022-07-16T21:23:31.539] [ERROR] error - error en servidor Error: listen EADDRINUSE: address already in use :::8080
[2022-07-16T21:23:31.545] [ERROR] error - error en servidor Error: listen EADDRINUSE: address already in use :::8080
[2022-07-16T21:23:31.548] [ERROR] error - error en servidor Error: listen EADDRINUSE: address already in use :::8080
[2022-07-16T21:23:39.009] [ERROR] error - error en servidor Error: listen EADDRINUSE: address already in use :::8080
[2022-07-16T21:23:39.013] [ERROR] error - error en servidor Error: listen EADDRINUSE: address already in use :::8080
[2022-07-16T21:23:39.017] [ERROR] error - error en servidor Error: listen EADDRINUSE: address already in use :::8080
[2022-07-16T21:23:39.023] [ERROR] error - error en servidor Error: listen EADDRINUSE: address already in use :::8080
[2022-07-16T21:23:39.027] [ERROR] error - error en servidor Error: listen EADDRINUSE: address already in use :::8080
[2022-07-16T21:23:42.049] [ERROR] error - error en servidor Error: listen EADDRINUSE: address already in use :::8080
[2022-07-16T21:23:42.071] [ERROR] error - error en servidor Error: listen EADDRINUSE: address already in use :::8080
[2022-07-16T21:23:42.095] [ERROR] error - error en servidor Error: listen EADDRINUSE: address already in use :::8080
[2022-07-16T21:23:42.099] [ERROR] error - error en servidor Error: listen EADDRINUSE: address already in use :::8080
[2022-07-16T21:23:42.103] [ERROR] error - error en servidor Error: listen EADDRINUSE: address already in use :::8080
[2022-07-16T21:24:41.731] [ERROR] error - error en servidor Error: listen EADDRINUSE: address already in use :::8080
[2022-07-16T21:24:41.734] [ERROR] error - error en servidor Error: listen EADDRINUSE: address already in use :::8080
[2022-07-16T21:24:41.737] [ERROR] error - error en servidor Error: listen EADDRINUSE: address already in use :::8080
[2022-07-16T21:24:41.762] [ERROR] error - error en servidor Error: listen EADDRINUSE: address already in use :::8080
[2022-07-16T21:24:41.768] [ERROR] error - error en servidor Error: listen EADDRINUSE: address already in use :::8080
[2022-07-16T21:24:50.016] [ERROR] error - error en servidor Error: listen EADDRINUSE: address already in use :::8080
[2022-07-16T21:24:50.020] [ERROR] error - error en servidor Error: listen EADDRINUSE: address already in use :::8080
[2022-07-16T21:24:50.023] [ERROR] error - error en servidor Error: listen EADDRINUSE: address already in use :::8080
[2022-07-16T21:24:50.035] [ERROR] error - error en servidor Error: listen EADDRINUSE: address already in use :::8080
[2022-07-16T21:24:50.040] [ERROR] error - error en servidor Error: listen EADDRINUSE: address already in use :::8080
[2022-07-16T21:24:52.727] [ERROR] error - error en servidor Error: listen EADDRINUSE: address already in use :::8080
[2022-07-16T21:24:52.751] [ERROR] error - error en servidor Error: listen EADDRINUSE: address already in use :::8080
[2022-07-16T21:24:52.754] [ERROR] error - error en servidor Error: listen EADDRINUSE: address already in use :::8080
[2022-07-16T21:24:52.767] [ERROR] error - error en servidor Error: listen EADDRINUSE: address already in use :::8080
[2022-07-16T21:24:52.772] [ERROR] error - error en servidor Error: listen EADDRINUSE: address already in use :::8080
[2022-07-16T21:29:23.261] [ERROR] error - error en servidor Error: listen EADDRINUSE: address already in use :::8080
[2022-07-16T21:29:23.287] [ERROR] error - error en servidor Error: listen EADDRINUSE: address already in use :::8080
[2022-07-16T21:29:23.290] [ERROR] error - error en servidor Error: listen EADDRINUSE: address already in use :::8080
[2022-07-16T21:29:23.302] [ERROR] error - error en servidor Error: listen EADDRINUSE: address already in use :::8080
[2022-07-16T21:29:23.308] [ERROR] error - error en servidor Error: listen EADDRINUSE: address already in use :::8080
[2022-07-16T21:29:47.814] [ERROR] error - error en servidor Error: listen EADDRINUSE: address already in use :::8080
[2022-07-16T21:29:47.820] [ERROR] error - error en servidor Error: listen EADDRINUSE: address already in use :::8080
[2022-07-16T21:29:47.824] [ERROR] error - error en servidor Error: listen EADDRINUSE: address already in use :::8080
[2022-07-16T21:29:47.839] [ERROR] error - error en servidor Error: listen EADDRINUSE: address already in use :::8080
[2022-07-16T21:29:47.844] [ERROR] error - error en servidor Error: listen EADDRINUSE: address already in use :::8080
[2022-07-16T21:30:44.517] [ERROR] error - error en servidor Error: listen EADDRINUSE: address already in use :::8080
[2022-07-16T21:30:44.522] [ERROR] error - error en servidor Error: listen EADDRINUSE: address already in use :::8080
[2022-07-16T21:30:44.526] [ERROR] error - error en servidor Error: listen EADDRINUSE: address already in use :::8080
[2022-07-16T21:30:44.551] [ERROR] error - error en servidor Error: listen EADDRINUSE: address already in use :::8080
[2022-07-16T21:30:44.556] [ERROR] error - error en servidor Error: listen EADDRINUSE: address already in use :::8080
[2022-07-16T21:30:44.560] [ERROR] error - error en servidor Error: listen EADDRINUSE: address already in use :::8080
[2022-07-16T21:38:20.830] [ERROR] error - error en servidor Error: listen EADDRINUSE: address already in use :::8080
[2022-07-16T21:38:20.860] [ERROR] error - error en servidor Error: listen EADDRINUSE: address already in use :::8080
[2022-07-16T21:38:20.864] [ERROR] error - error en servidor Error: listen EADDRINUSE: address already in use :::8080
[2022-07-16T21:38:20.876] [ERROR] error - error en servidor Error: listen EADDRINUSE: address already in use :::8080
[2022-07-16T21:38:20.881] [ERROR] error - error en servidor Error: listen EADDRINUSE: address already in use :::8080
[2022-07-16T21:38:20.884] [ERROR] error - error en servidor Error: listen EADDRINUSE: address already in use :::8080
[2022-07-16T21:38:41.569] [ERROR] error - error en servidor Error: listen EADDRINUSE: address already in use :::8080
[2022-07-16T21:38:41.596] [ERROR] error - error en servidor Error: listen EADDRINUSE: address already in use :::8080
[2022-07-16T21:38:41.625] [ERROR] error - error en servidor Error: listen EADDRINUSE: address already in use :::8080
[2022-07-16T21:38:41.642] [ERROR] error - error en servidor Error: listen EADDRINUSE: address already in use :::8080
[2022-07-16T21:38:41.649] [ERROR] error - error en servidor Error: listen EADDRINUSE: address already in use :::8080
[2022-07-16T21:38:41.653] [ERROR] error - error en servidor Error: listen EADDRINUSE: address already in use :::8080
[2022-07-16T21:39:19.637] [ERROR] error - error en servidor Error: listen EADDRINUSE: address already in use :::8080
[2022-07-16T21:39:19.641] [ERROR] error - error en servidor Error: listen EADDRINUSE: address already in use :::8080
[2022-07-16T21:39:19.645] [ERROR] error - error en servidor Error: listen EADDRINUSE: address already in use :::8080
[2022-07-16T21:39:19.660] [ERROR] error - error en servidor Error: listen EADDRINUSE: address already in use :::8080
[2022-07-16T21:39:19.665] [ERROR] error - error en servidor Error: listen EADDRINUSE: address already in use :::8080
[2022-07-16T21:39:19.670] [ERROR] error - error en servidor Error: listen EADDRINUSE: address already in use :::8080
[2022-07-16T21:39:42.321] [ERROR] error - error en servidor Error: listen EADDRINUSE: address already in use :::8080
[2022-07-16T21:39:42.325] [ERROR] error - error en servidor Error: listen EADDRINUSE: address already in use :::8080
[2022-07-16T21:39:42.328] [ERROR] error - error en servidor Error: listen EADDRINUSE: address already in use :::8080
[2022-07-16T21:39:42.342] [ERROR] error - error en servidor Error: listen EADDRINUSE: address already in use :::8080
[2022-07-16T21:39:42.347] [ERROR] error - error en servidor Error: listen EADDRINUSE: address already in use :::8080
[2022-07-16T21:39:42.351] [ERROR] error - error en servidor Error: listen EADDRINUSE: address already in use :::8080
[2022-07-16T21:40:59.330] [ERROR] error - error en servidor Error: listen EADDRINUSE: address already in use :::8080
[2022-07-16T21:40:59.334] [ERROR] error - error en servidor Error: listen EADDRINUSE: address already in use :::8080
[2022-07-16T21:40:59.355] [ERROR] error - error en servidor Error: listen EADDRINUSE: address already in use :::8080
[2022-07-16T21:40:59.371] [ERROR] error - error en servidor Error: listen EADDRINUSE: address already in use :::8080
[2022-07-16T21:40:59.378] [ERROR] error - error en servidor Error: listen EADDRINUSE: address already in use :::8080
[2022-07-16T21:40:59.383] [ERROR] error - error en servidor Error: listen EADDRINUSE: address already in use :::8080
[2022-07-16T21:41:07.812] [ERROR] error - error en servidor Error: listen EADDRINUSE: address already in use :::8080
[2022-07-16T21:41:07.816] [ERROR] error - error en servidor Error: listen EADDRINUSE: address already in use :::8080
[2022-07-16T21:41:07.819] [ERROR] error - error en servidor Error: listen EADDRINUSE: address already in use :::8080
[2022-07-16T21:41:07.831] [ERROR] error - error en servidor Error: listen EADDRINUSE: address already in use :::8080
[2022-07-16T21:41:07.836] [ERROR] error - error en servidor Error: listen EADDRINUSE: address already in use :::8080
[2022-07-16T21:41:07.839] [ERROR] error - error en servidor Error: listen EADDRINUSE: address already in use :::8080
[2022-07-16T21:41:43.967] [ERROR] error - error en servidor Error: listen EADDRINUSE: address already in use :::8080
[2022-07-16T21:41:43.971] [ERROR] error - error en servidor Error: listen EADDRINUSE: address already in use :::8080
[2022-07-16T21:41:43.974] [ERROR] error - error en servidor Error: listen EADDRINUSE: address already in use :::8080
[2022-07-16T21:41:43.987] [ERROR] error - error en servidor Error: listen EADDRINUSE: address already in use :::8080
[2022-07-16T21:41:43.992] [ERROR] error - error en servidor Error: listen EADDRINUSE: address already in use :::8080
[2022-07-16T21:41:43.996] [ERROR] error - error en servidor Error: listen EADDRINUSE: address already in use :::8080
[2022-07-16T21:41:48.917] [ERROR] error - error en servidor Error: listen EADDRINUSE: address already in use :::8080
[2022-07-16T21:41:48.939] [ERROR] error - error en servidor Error: listen EADDRINUSE: address already in use :::8080
[2022-07-16T21:41:48.963] [ERROR] error - error en servidor Error: listen EADDRINUSE: address already in use :::8080
[2022-07-16T21:41:48.975] [ERROR] error - error en servidor Error: listen EADDRINUSE: address already in use :::8080
[2022-07-16T21:41:48.980] [ERROR] error - error en servidor Error: listen EADDRINUSE: address already in use :::8080
[2022-07-16T21:41:48.984] [ERROR] error - error en servidor Error: listen EADDRINUSE: address already in use :::8080
[2022-07-16T21:42:02.940] [ERROR] error - error en servidor Error: listen EADDRINUSE: address already in use :::8080
[2022-07-16T21:42:02.964] [ERROR] error - error en servidor Error: listen EADDRINUSE: address already in use :::8080
[2022-07-16T21:42:02.969] [ERROR] error - error en servidor Error: listen EADDRINUSE: address already in use :::8080
[2022-07-16T21:42:02.984] [ERROR] error - error en servidor Error: listen EADDRINUSE: address already in use :::8080
[2022-07-16T21:42:02.989] [ERROR] error - error en servidor Error: listen EADDRINUSE: address already in use :::8080
[2022-07-16T21:42:02.993] [ERROR] error - error en servidor Error: listen EADDRINUSE: address already in use :::8080
[2022-07-16T21:42:43.679] [ERROR] error - error en servidor Error: listen EADDRINUSE: address already in use :::8080
[2022-07-16T21:42:43.684] [ERROR] error - error en servidor Error: listen EADDRINUSE: address already in use :::8080
[2022-07-16T21:42:43.687] [ERROR] error - error en servidor Error: listen EADDRINUSE: address already in use :::8080
[2022-07-16T21:42:43.700] [ERROR] error - error en servidor Error: listen EADDRINUSE: address already in use :::8080
[2022-07-16T21:42:43.705] [ERROR] error - error en servidor Error: listen EADDRINUSE: address already in use :::8080
[2022-07-16T21:42:43.708] [ERROR] error - error en servidor Error: listen EADDRINUSE: address already in use :::8080
[2022-07-16T21:43:10.464] [ERROR] error - error en servidor Error: listen EADDRINUSE: address already in use :::8080
[2022-07-16T21:43:10.503] [ERROR] error - error en servidor Error: listen EADDRINUSE: address already in use :::8080
[2022-07-16T21:43:10.508] [ERROR] error - error en servidor Error: listen EADDRINUSE: address already in use :::8080
[2022-07-16T21:43:10.521] [ERROR] error - error en servidor Error: listen EADDRINUSE: address already in use :::8080
[2022-07-16T21:43:10.526] [ERROR] error - error en servidor Error: listen EADDRINUSE: address already in use :::8080
[2022-07-16T21:43:10.530] [ERROR] error - error en servidor Error: listen EADDRINUSE: address already in use :::8080
[2022-07-16T21:44:10.716] [ERROR] error - error en servidor Error: listen EADDRINUSE: address already in use :::8080
[2022-07-16T21:44:10.720] [ERROR] error - error en servidor Error: listen EADDRINUSE: address already in use :::8080
[2022-07-16T21:44:10.743] [ERROR] error - error en servidor Error: listen EADDRINUSE: address already in use :::8080
[2022-07-16T21:44:10.761] [ERROR] error - error en servidor Error: listen EADDRINUSE: address already in use :::8080
[2022-07-16T21:44:10.784] [ERROR] error - error en servidor Error: listen EADDRINUSE: address already in use :::8080
[2022-07-16T21:44:10.788] [ERROR] error - error en servidor Error: listen EADDRINUSE: address already in use :::8080
[2022-07-16T21:44:29.012] [ERROR] error - error en servidor Error: listen EADDRINUSE: address already in use :::8080
[2022-07-16T21:44:29.016] [ERROR] error - error en servidor Error: listen EADDRINUSE: address already in use :::8080
[2022-07-16T21:44:29.019] [ERROR] error - error en servidor Error: listen EADDRINUSE: address already in use :::8080
[2022-07-16T21:44:29.035] [ERROR] error - error en servidor Error: listen EADDRINUSE: address already in use :::8080
[2022-07-16T21:44:29.040] [ERROR] error - error en servidor Error: listen EADDRINUSE: address already in use :::8080
[2022-07-16T21:44:29.044] [ERROR] error - error en servidor Error: listen EADDRINUSE: address already in use :::8080
[2022-07-16T21:46:05.742] [ERROR] error - error en servidor Error: listen EADDRINUSE: address already in use :::8080
[2022-07-16T21:46:05.746] [ERROR] error - error en servidor Error: listen EADDRINUSE: address already in use :::8080
[2022-07-16T21:46:05.771] [ERROR] error - error en servidor Error: listen EADDRINUSE: address already in use :::8080
[2022-07-16T21:46:05.783] [ERROR] error - error en servidor Error: listen EADDRINUSE: address already in use :::8080
[2022-07-16T21:46:05.788] [ERROR] error - error en servidor Error: listen EADDRINUSE: address already in use :::8080
[2022-07-16T21:46:05.791] [ERROR] error - error en servidor Error: listen EADDRINUSE: address already in use :::8080
[2022-07-16T21:46:11.320] [ERROR] error - error en servidor Error: listen EADDRINUSE: address already in use :::8080
[2022-07-16T21:46:11.323] [ERROR] error - error en servidor Error: listen EADDRINUSE: address already in use :::8080
[2022-07-16T21:46:11.326] [ERROR] error - error en servidor Error: listen EADDRINUSE: address already in use :::8080
[2022-07-16T21:46:11.339] [ERROR] error - error en servidor Error: listen EADDRINUSE: address already in use :::8080
[2022-07-16T21:46:11.343] [ERROR] error - error en servidor Error: listen EADDRINUSE: address already in use :::8080
[2022-07-16T21:46:11.347] [ERROR] error - error en servidor Error: listen EADDRINUSE: address already in use :::8080
[2022-07-16T21:46:24.796] [ERROR] error - error en servidor Error: listen EADDRINUSE: address already in use :::8080
[2022-07-16T21:46:24.801] [ERROR] error - error en servidor Error: listen EADDRINUSE: address already in use :::8080
[2022-07-16T21:46:24.805] [ERROR] error - error en servidor Error: listen EADDRINUSE: address already in use :::8080
[2022-07-16T21:46:24.818] [ERROR] error - error en servidor Error: listen EADDRINUSE: address already in use :::8080
[2022-07-16T21:46:24.824] [ERROR] error - error en servidor Error: listen EADDRINUSE: address already in use :::8080
[2022-07-16T21:46:24.828] [ERROR] error - error en servidor Error: listen EADDRINUSE: address already in use :::8080
[2022-07-16T21:46:55.048] [ERROR] error - error en servidor Error: listen EADDRINUSE: address already in use :::8080
[2022-07-16T21:46:55.072] [ERROR] error - error en servidor Error: listen EADDRINUSE: address already in use :::8080
[2022-07-16T21:46:55.076] [ERROR] error - error en servidor Error: listen EADDRINUSE: address already in use :::8080
[2022-07-16T21:46:55.091] [ERROR] error - error en servidor Error: listen EADDRINUSE: address already in use :::8080
[2022-07-16T21:46:55.098] [ERROR] error - error en servidor Error: listen EADDRINUSE: address already in use :::8080
[2022-07-16T21:46:55.104] [ERROR] error - error en servidor Error: listen EADDRINUSE: address already in use :::8080
[2022-07-16T21:46:59.254] [ERROR] error - error en servidor Error: listen EADDRINUSE: address already in use :::8080
[2022-07-16T21:46:59.261] [ERROR] error - error en servidor Error: listen EADDRINUSE: address already in use :::8080
[2022-07-16T21:46:59.265] [ERROR] error - error en servidor Error: listen EADDRINUSE: address already in use :::8080
[2022-07-16T21:46:59.282] [ERROR] error - error en servidor Error: listen EADDRINUSE: address already in use :::8080
[2022-07-16T21:46:59.289] [ERROR] error - error en servidor Error: listen EADDRINUSE: address already in use :::8080
[2022-07-16T21:46:59.294] [ERROR] error - error en servidor Error: listen EADDRINUSE: address already in use :::8080
[2022-07-16T21:47:08.664] [ERROR] error - error en servidor Error: listen EADDRINUSE: address already in use :::8080
[2022-07-16T21:47:08.678] [ERROR] error - error en servidor Error: listen EADDRINUSE: address already in use :::8080
[2022-07-16T21:47:08.703] [ERROR] error - error en servidor Error: listen EADDRINUSE: address already in use :::8080
[2022-07-16T21:47:08.715] [ERROR] error - error en servidor Error: listen EADDRINUSE: address already in use :::8080
[2022-07-16T21:47:08.719] [ERROR] error - error en servidor Error: listen EADDRINUSE: address already in use :::8080
[2022-07-16T21:47:08.723] [ERROR] error - error en servidor Error: listen EADDRINUSE: address already in use :::8080
[2022-07-16T21:47:40.219] [ERROR] error - error en servidor Error: listen EADDRINUSE: address already in use :::8080
[2022-07-16T21:47:40.224] [ERROR] error - error en servidor Error: listen EADDRINUSE: address already in use :::8080
[2022-07-16T21:47:40.228] [ERROR] error - error en servidor Error: listen EADDRINUSE: address already in use :::8080
[2022-07-16T21:47:40.241] [ERROR] error - error en servidor Error: listen EADDRINUSE: address already in use :::8080
[2022-07-16T21:47:40.246] [ERROR] error - error en servidor Error: listen EADDRINUSE: address already in use :::8080
[2022-07-16T21:47:40.250] [ERROR] error - error en servidor Error: listen EADDRINUSE: address already in use :::8080
[2022-07-16T21:47:53.957] [ERROR] error - error en servidor Error: listen EADDRINUSE: address already in use :::8080
[2022-07-16T21:47:53.984] [ERROR] error - error en servidor Error: listen EADDRINUSE: address already in use :::8080
[2022-07-16T21:47:53.988] [ERROR] error - error en servidor Error: listen EADDRINUSE: address already in use :::8080
[2022-07-16T21:47:54.005] [ERROR] error - error en servidor Error: listen EADDRINUSE: address already in use :::8080
[2022-07-16T21:47:54.011] [ERROR] error - error en servidor Error: listen EADDRINUSE: address already in use :::8080
[2022-07-16T21:47:54.017] [ERROR] error - error en servidor Error: listen EADDRINUSE: address already in use :::8080
[2022-07-16T21:48:19.688] [ERROR] error - error en servidor Error: listen EADDRINUSE: address already in use :::8080
[2022-07-16T21:48:19.692] [ERROR] error - error en servidor Error: listen EADDRINUSE: address already in use :::8080
[2022-07-16T21:48:19.695] [ERROR] error - error en servidor Error: listen EADDRINUSE: address already in use :::8080
[2022-07-16T21:48:19.709] [ERROR] error - error en servidor Error: listen EADDRINUSE: address already in use :::8080
[2022-07-16T21:48:19.715] [ERROR] error - error en servidor Error: listen EADDRINUSE: address already in use :::8080
[2022-07-16T21:48:19.718] [ERROR] error - error en servidor Error: listen EADDRINUSE: address already in use :::8080
[2022-07-16T21:48:19.728] [ERROR] error - error en servidor Error: listen EADDRINUSE: address already in use :::8080
[2022-07-16T21:48:43.248] [ERROR] error - error en servidor Error: listen EADDRINUSE: address already in use :::8080
[2022-07-16T21:48:43.275] [ERROR] error - error en servidor Error: listen EADDRINUSE: address already in use :::8080
[2022-07-16T21:48:43.278] [ERROR] error - error en servidor Error: listen EADDRINUSE: address already in use :::8080
[2022-07-16T21:48:43.289] [ERROR] error - error en servidor Error: listen EADDRINUSE: address already in use :::8080
[2022-07-16T21:48:43.294] [ERROR] error - error en servidor Error: listen EADDRINUSE: address already in use :::8080
[2022-07-16T21:48:43.298] [ERROR] error - error en servidor Error: listen EADDRINUSE: address already in use :::8080
[2022-07-16T21:48:43.306] [ERROR] error - error en servidor Error: listen EADDRINUSE: address already in use :::8080
[2022-07-16T21:48:43.308] [ERROR] error - error en servidor Error: listen EADDRINUSE: address already in use :::8080
[2022-07-16T21:49:04.666] [ERROR] error - error en servidor Error: listen EADDRINUSE: address already in use :::8080
[2022-07-16T21:49:04.670] [ERROR] error - error en servidor Error: listen EADDRINUSE: address already in use :::8080
[2022-07-16T21:49:04.695] [ERROR] error - error en servidor Error: listen EADDRINUSE: address already in use :::8080
[2022-07-16T21:49:04.708] [ERROR] error - error en servidor Error: listen EADDRINUSE: address already in use :::8080
[2022-07-16T21:49:04.714] [ERROR] error - error en servidor Error: listen EADDRINUSE: address already in use :::8080
[2022-07-16T21:49:04.718] [ERROR] error - error en servidor Error: listen EADDRINUSE: address already in use :::8080
[2022-07-16T21:49:04.725] [ERROR] error - error en servidor Error: listen EADDRINUSE: address already in use :::8080
[2022-07-16T21:49:04.728] [ERROR] error - error en servidor Error: listen EADDRINUSE: address already in use :::8080
[2022-07-16T21:49:16.603] [ERROR] error - error en servidor Error: listen EADDRINUSE: address already in use :::8080
[2022-07-16T21:49:16.627] [ERROR] error - error en servidor Error: listen EADDRINUSE: address already in use :::8080
[2022-07-16T21:49:16.652] [ERROR] error - error en servidor Error: listen EADDRINUSE: address already in use :::8080
[2022-07-16T21:49:16.668] [ERROR] error - error en servidor Error: listen EADDRINUSE: address already in use :::8080
[2022-07-16T21:49:16.673] [ERROR] error - error en servidor Error: listen EADDRINUSE: address already in use :::8080
[2022-07-16T21:49:16.679] [ERROR] error - error en servidor Error: listen EADDRINUSE: address already in use :::8080
[2022-07-16T21:49:16.689] [ERROR] error - error en servidor Error: listen EADDRINUSE: address already in use :::8080
[2022-07-16T21:49:16.692] [ERROR] error - error en servidor Error: listen EADDRINUSE: address already in use :::8080
[2022-07-16T21:49:22.686] [ERROR] error - error en servidor Error: listen EADDRINUSE: address already in use :::8080
[2022-07-16T21:49:22.690] [ERROR] error - error en servidor Error: listen EADDRINUSE: address already in use :::8080
[2022-07-16T21:49:22.694] [ERROR] error - error en servidor Error: listen EADDRINUSE: address already in use :::8080
[2022-07-16T21:49:22.707] [ERROR] error - error en servidor Error: listen EADDRINUSE: address already in use :::8080
[2022-07-16T21:49:22.712] [ERROR] error - error en servidor Error: listen EADDRINUSE: address already in use :::8080
[2022-07-16T21:49:22.715] [ERROR] error - error en servidor Error: listen EADDRINUSE: address already in use :::8080
[2022-07-16T21:49:22.723] [ERROR] error - error en servidor Error: listen EADDRINUSE: address already in use :::8080
[2022-07-16T21:49:22.727] [ERROR] error - error en servidor Error: listen EADDRINUSE: address already in use :::8080
[2022-07-16T21:51:32.855] [ERROR] error - error en servidor Error: listen EADDRINUSE: address already in use :::8080
[2022-07-16T21:51:32.884] [ERROR] error - error en servidor Error: listen EADDRINUSE: address already in use :::8080
[2022-07-16T21:51:32.907] [ERROR] error - error en servidor Error: listen EADDRINUSE: address already in use :::8080
[2022-07-16T21:51:32.922] [ERROR] error - error en servidor Error: listen EADDRINUSE: address already in use :::8080
[2022-07-16T21:51:32.927] [ERROR] error - error en servidor Error: listen EADDRINUSE: address already in use :::8080
[2022-07-16T21:51:32.931] [ERROR] error - error en servidor Error: listen EADDRINUSE: address already in use :::8080
[2022-07-16T21:51:32.941] [ERROR] error - error en servidor Error: listen EADDRINUSE: address already in use :::8080
[2022-07-16T21:51:32.944] [ERROR] error - error en servidor Error: listen EADDRINUSE: address already in use :::8080
[2022-07-16T21:51:32.949] [ERROR] error - error en servidor Error: listen EADDRINUSE: address already in use :::8080
[2022-07-16T21:51:32.952] [ERROR] error - error en servidor Error: listen EADDRINUSE: address already in use :::8080
[2022-07-16T21:52:05.627] [ERROR] error - error en servidor Error: listen EADDRINUSE: address already in use :::8080
[2022-07-16T21:52:05.631] [ERROR] error - error en servidor Error: listen EADDRINUSE: address already in use :::8080
[2022-07-16T21:52:05.634] [ERROR] error - error en servidor Error: listen EADDRINUSE: address already in use :::8080
[2022-07-16T21:52:05.647] [ERROR] error - error en servidor Error: listen EADDRINUSE: address already in use :::8080
[2022-07-16T21:52:05.652] [ERROR] error - error en servidor Error: listen EADDRINUSE: address already in use :::8080
[2022-07-16T21:52:05.656] [ERROR] error - error en servidor Error: listen EADDRINUSE: address already in use :::8080
[2022-07-16T21:52:05.665] [ERROR] error - error en servidor Error: listen EADDRINUSE: address already in use :::8080
[2022-07-16T21:52:05.669] [ERROR] error - error en servidor Error: listen EADDRINUSE: address already in use :::8080
[2022-07-16T21:52:05.672] [ERROR] error - error en servidor Error: listen EADDRINUSE: address already in use :::8080
[2022-07-16T21:52:05.675] [ERROR] error - error en servidor Error: listen EADDRINUSE: address already in use :::8080
[2022-07-16T21:52:29.023] [ERROR] error - error en servidor Error: listen EADDRINUSE: address already in use :::8080
[2022-07-16T21:52:29.027] [ERROR] error - error en servidor Error: listen EADDRINUSE: address already in use :::8080
[2022-07-16T21:52:29.030] [ERROR] error - error en servidor Error: listen EADDRINUSE: address already in use :::8080
[2022-07-16T21:52:29.042] [ERROR] error - error en servidor Error: listen EADDRINUSE: address already in use :::8080
[2022-07-16T21:52:29.048] [ERROR] error - error en servidor Error: listen EADDRINUSE: address already in use :::8080
[2022-07-16T21:52:29.051] [ERROR] error - error en servidor Error: listen EADDRINUSE: address already in use :::8080
[2022-07-16T21:52:29.060] [ERROR] error - error en servidor Error: listen EADDRINUSE: address already in use :::8080
[2022-07-16T21:52:29.064] [ERROR] error - error en servidor Error: listen EADDRINUSE: address already in use :::8080
[2022-07-16T21:52:29.068] [ERROR] error - error en servidor Error: listen EADDRINUSE: address already in use :::8080
[2022-07-16T21:52:29.070] [ERROR] error - error en servidor Error: listen EADDRINUSE: address already in use :::8080
[2022-07-16T21:52:29.073] [ERROR] error - error en servidor Error: listen EADDRINUSE: address already in use :::8080
[2022-07-16T21:53:07.584] [ERROR] error - error en servidor Error: listen EADDRINUSE: address already in use :::8080
[2022-07-16T21:53:07.611] [ERROR] error - error en servidor Error: listen EADDRINUSE: address already in use :::8080
[2022-07-16T21:53:07.635] [ERROR] error - error en servidor Error: listen EADDRINUSE: address already in use :::8080
[2022-07-16T21:53:07.646] [ERROR] error - error en servidor Error: listen EADDRINUSE: address already in use :::8080
[2022-07-16T21:53:07.651] [ERROR] error - error en servidor Error: listen EADDRINUSE: address already in use :::8080
[2022-07-16T21:53:07.655] [ERROR] error - error en servidor Error: listen EADDRINUSE: address already in use :::8080
[2022-07-16T21:53:07.662] [ERROR] error - error en servidor Error: listen EADDRINUSE: address already in use :::8080
[2022-07-16T21:53:07.666] [ERROR] error - error en servidor Error: listen EADDRINUSE: address already in use :::8080
[2022-07-16T21:53:07.669] [ERROR] error - error en servidor Error: listen EADDRINUSE: address already in use :::8080
[2022-07-16T21:53:07.671] [ERROR] error - error en servidor Error: listen EADDRINUSE: address already in use :::8080
[2022-07-16T21:53:07.675] [ERROR] error - error en servidor Error: listen EADDRINUSE: address already in use :::8080
[2022-07-16T21:53:31.044] [ERROR] error - error en servidor Error: listen EADDRINUSE: address already in use :::8080
[2022-07-16T21:53:31.048] [ERROR] error - error en servidor Error: listen EADDRINUSE: address already in use :::8080
[2022-07-16T21:53:31.052] [ERROR] error - error en servidor Error: listen EADDRINUSE: address already in use :::8080
[2022-07-16T21:53:31.066] [ERROR] error - error en servidor Error: listen EADDRINUSE: address already in use :::8080
[2022-07-16T21:53:31.071] [ERROR] error - error en servidor Error: listen EADDRINUSE: address already in use :::8080
[2022-07-16T21:53:31.075] [ERROR] error - error en servidor Error: listen EADDRINUSE: address already in use :::8080
[2022-07-16T21:53:31.083] [ERROR] error - error en servidor Error: listen EADDRINUSE: address already in use :::8080
[2022-07-16T21:53:31.087] [ERROR] error - error en servidor Error: listen EADDRINUSE: address already in use :::8080
[2022-07-16T21:53:31.091] [ERROR] error - error en servidor Error: listen EADDRINUSE: address already in use :::8080
[2022-07-16T21:53:31.094] [ERROR] error - error en servidor Error: listen EADDRINUSE: address already in use :::8080
[2022-07-16T21:53:31.096] [ERROR] error - error en servidor Error: listen EADDRINUSE: address already in use :::8080
[2022-07-16T21:53:53.836] [ERROR] error - error en servidor Error: listen EADDRINUSE: address already in use :::8080
[2022-07-16T21:53:53.841] [ERROR] error - error en servidor Error: listen EADDRINUSE: address already in use :::8080
[2022-07-16T21:53:53.864] [ERROR] error - error en servidor Error: listen EADDRINUSE: address already in use :::8080
[2022-07-16T21:53:53.877] [ERROR] error - error en servidor Error: listen EADDRINUSE: address already in use :::8080
[2022-07-16T21:53:53.881] [ERROR] error - error en servidor Error: listen EADDRINUSE: address already in use :::8080
[2022-07-16T21:53:53.885] [ERROR] error - error en servidor Error: listen EADDRINUSE: address already in use :::8080
[2022-07-16T21:53:53.895] [ERROR] error - error en servidor Error: listen EADDRINUSE: address already in use :::8080
[2022-07-16T21:53:53.902] [ERROR] error - error en servidor Error: listen EADDRINUSE: address already in use :::8080
[2022-07-16T21:53:53.906] [ERROR] error - error en servidor Error: listen EADDRINUSE: address already in use :::8080
[2022-07-16T21:53:53.908] [ERROR] error - error en servidor Error: listen EADDRINUSE: address already in use :::8080
[2022-07-16T21:53:53.912] [ERROR] error - error en servidor Error: listen EADDRINUSE: address already in use :::8080
[2022-07-16T21:54:10.023] [ERROR] error - error en servidor Error: listen EADDRINUSE: address already in use :::8080
[2022-07-16T21:54:10.048] [ERROR] error - error en servidor Error: listen EADDRINUSE: address already in use :::8080
[2022-07-16T21:54:10.075] [ERROR] error - error en servidor Error: listen EADDRINUSE: address already in use :::8080
[2022-07-16T21:54:10.087] [ERROR] error - error en servidor Error: listen EADDRINUSE: address already in use :::8080
[2022-07-16T21:54:10.092] [ERROR] error - error en servidor Error: listen EADDRINUSE: address already in use :::8080
[2022-07-16T21:54:10.096] [ERROR] error - error en servidor Error: listen EADDRINUSE: address already in use :::8080
[2022-07-16T21:54:10.103] [ERROR] error - error en servidor Error: listen EADDRINUSE: address already in use :::8080
[2022-07-16T21:54:10.106] [ERROR] error - error en servidor Error: listen EADDRINUSE: address already in use :::8080
[2022-07-16T21:54:10.110] [ERROR] error - error en servidor Error: listen EADDRINUSE: address already in use :::8080
[2022-07-16T21:54:10.112] [ERROR] error - error en servidor Error: listen EADDRINUSE: address already in use :::8080
[2022-07-16T21:54:10.115] [ERROR] error - error en servidor Error: listen EADDRINUSE: address already in use :::8080
[2022-07-16T21:54:20.163] [ERROR] error - error en servidor Error: listen EADDRINUSE: address already in use :::8080
[2022-07-16T21:55:31.959] [ERROR] error - error en servidor Error: listen EADDRINUSE: address already in use :::8080
[2022-07-16T21:55:31.963] [ERROR] error - error en servidor Error: listen EADDRINUSE: address already in use :::8080
[2022-07-16T21:55:31.988] [ERROR] error - error en servidor Error: listen EADDRINUSE: address already in use :::8080
[2022-07-16T21:55:32.007] [ERROR] error - error en servidor Error: listen EADDRINUSE: address already in use :::8080
[2022-07-16T21:55:32.013] [ERROR] error - error en servidor Error: listen EADDRINUSE: address already in use :::8080
[2022-07-16T21:55:32.019] [ERROR] error - error en servidor Error: listen EADDRINUSE: address already in use :::8080
[2022-07-16T21:55:32.030] [ERROR] error - error en servidor Error: listen EADDRINUSE: address already in use :::8080
[2022-07-16T21:55:32.035] [ERROR] error - error en servidor Error: listen EADDRINUSE: address already in use :::8080
[2022-07-16T21:55:32.039] [ERROR] error - error en servidor Error: listen EADDRINUSE: address already in use :::8080
[2022-07-16T21:55:32.044] [ERROR] error - error en servidor Error: listen EADDRINUSE: address already in use :::8080
[2022-07-16T21:55:32.047] [ERROR] error - error en servidor Error: listen EADDRINUSE: address already in use :::8080
[2022-07-16T21:55:32.348] [ERROR] error - error en servidor Error: listen EADDRINUSE: address already in use :::8080
